<?xml version="1.0" encoding="UTF-8"?>
<!-- Generated by org.testng.reporters.JUnitReportReporter -->
<testsuite hostname="LAPTOP-59C64042" failures="0" tests="1" name="com.loginPageTC.LoginPageTestCase" time="10.429" errors="0" timestamp="2025-06-15T10:02:55 IST" skipped="0">
  <testcase classname="com.loginPageTC.LoginPageTestCase" name="ToVerifySuccessfulLoginWithValidCredWithFrameWork" time="10.429"/>
</testsuite> <!-- com.loginPageTC.LoginPageTestCase -->
